<?xml version="1.0" encoding="UTF-8"?>
<!-- Generated by org.testng.reporters.JUnitXMLReporter -->
<testsuite ignored="0" hostname="DESKTOP-KIRAN" failures="0" tests="4" name="Test" time="0.147" errors="0" timestamp="2020-04-18T02:31:14 BST">
  <testcase classname="qaclickacademy.selenium1Test" name="uielement1" time="0.018"/>
  <testcase classname="qaclickacademy.selenium1Test" name="uiobject1" time="0.004"/>
  <testcase classname="qaclickacademy.selenium2Test" name="uielement2" time="0.003"/>
  <testcase classname="qaclickacademy.selenium2Test" name="uiobject2" time="0.008"/>
</testsuite> <!-- Test -->
