<?xml version="1.0" encoding="UTF-8"?>
<!-- Generated by org.testng.reporters.JUnitXMLReporter -->
<testsuite ignored="0" hostname="DESKTOP-KIRAN" failures="0" tests="4" name="Test" time="0.093" errors="0" timestamp="2020-04-18T01:44:32 BST">
  <testcase classname="qaclickacademy.selenium1Test" name="uielement1" time="0.007"/>
  <testcase classname="qaclickacademy.selenium1Test" name="uiobject1" time="0.0"/>
  <testcase classname="qaclickacademy.selenium2Test" name="uielement2" time="0.001"/>
  <testcase classname="qaclickacademy.selenium2Test" name="uiobject2" time="0.001"/>
</testsuite> <!-- Test -->
