<?xml version="1.0" encoding="UTF-8"?>
<testng-results ignored="0" total="4" passed="4" failed="0" skipped="0">
  <reporter-output>
  </reporter-output>
  <suite started-at="2020-04-18T01:44:32 BST" name="Suite" finished-at="2020-04-18T01:44:32 BST" duration-ms="93">
    <groups>
    </groups>
    <test started-at="2020-04-18T01:44:32 BST" name="Test" finished-at="2020-04-18T01:44:32 BST" duration-ms="93">
      <class name="qaclickacademy.selenium2Test">
        <test-method signature="uielement2()[pri:0, instance:qaclickacademy.selenium2Test@57175e74]" started-at="2020-04-18T01:44:32 BST" name="uielement2" finished-at="2020-04-18T01:44:32 BST" duration-ms="1" status="PASS">
          <reporter-output>
          </reporter-output>
        </test-method> <!-- uielement2 -->
        <test-method signature="uiobject2()[pri:0, instance:qaclickacademy.selenium2Test@57175e74]" started-at="2020-04-18T01:44:32 BST" name="uiobject2" finished-at="2020-04-18T01:44:32 BST" duration-ms="1" status="PASS">
          <reporter-output>
          </reporter-output>
        </test-method> <!-- uiobject2 -->
      </class> <!-- qaclickacademy.selenium2Test -->
      <class name="qaclickacademy.selenium1Test">
        <test-method signature="uielement1()[pri:0, instance:qaclickacademy.selenium1Test@29ba4338]" started-at="2020-04-18T01:44:32 BST" name="uielement1" finished-at="2020-04-18T01:44:32 BST" duration-ms="7" status="PASS">
          <reporter-output>
          </reporter-output>
        </test-method> <!-- uielement1 -->
        <test-method signature="uiobject1()[pri:0, instance:qaclickacademy.selenium1Test@29ba4338]" started-at="2020-04-18T01:44:32 BST" name="uiobject1" finished-at="2020-04-18T01:44:32 BST" duration-ms="0" status="PASS">
          <reporter-output>
          </reporter-output>
        </test-method> <!-- uiobject1 -->
      </class> <!-- qaclickacademy.selenium1Test -->
    </test> <!-- Test -->
  </suite> <!-- Suite -->
</testng-results>
